c:\users\coolb\source\repos\cs 2413 hw\cs 2413 hw\x64\debug\vc143.pdb
c:\users\coolb\source\repos\cs 2413 hw\cs 2413 hw\x64\debug\vc143.idb
c:\users\coolb\source\repos\cs 2413 hw\cs 2413 hw\x64\debug\main.obj
c:\users\coolb\source\repos\cs 2413 hw\cs 2413 hw\x64\debug\hw3_cs2413.obj
c:\users\coolb\source\repos\cs 2413 hw\cs 2413 hw\x64\debug\hw4_cs2413.obj
c:\users\coolb\source\repos\cs 2413 hw\x64\debug\cs 2413 hw.exe
c:\users\coolb\source\repos\cs 2413 hw\cs 2413 hw\x64\debug\cs 2413 hw.ilk
c:\users\coolb\source\repos\cs 2413 hw\x64\debug\cs 2413 hw.pdb
c:\users\coolb\source\repos\cs-2413-hw\cs 2413 hw\x64\debug\hw3.obj
c:\users\coolb\source\repos\cs-2413-hw\cs 2413 hw\x64\debug\hw3_cs2413.obj
c:\users\coolb\source\repos\cs-2413-hw\cs 2413 hw\x64\debug\main.obj
c:\users\coolb\source\repos\cs-2413-hw\cs 2413 hw\x64\debug\hw3.obj.enc
c:\users\coolb\source\repos\cs-2413-hw\cs 2413 hw\x64\debug\hw4_cs2413.obj.enc
c:\users\coolb\source\repos\cs-2413-hw\cs 2413 hw\x64\debug\main.obj.enc
c:\users\coolb\source\repos\cs-2413-hw\cs 2413 hw\x64\debug\cs 2413 hw.ilk
c:\users\coolb\source\repos\cs-2413-hw\cs 2413 hw\x64\debug\vc143.idb
c:\users\coolb\source\repos\cs-2413-hw\cs 2413 hw\x64\debug\vc143.pdb
c:\users\coolb\source\repos\cs-2413-hw\cs 2413 hw\x64\debug\cs 2413 hw.tlog\cl.command.1.tlog
c:\users\coolb\source\repos\cs-2413-hw\cs 2413 hw\x64\debug\cs 2413 hw.tlog\cl.items.tlog
c:\users\coolb\source\repos\cs-2413-hw\cs 2413 hw\x64\debug\cs 2413 hw.tlog\cl.read.1.tlog
c:\users\coolb\source\repos\cs-2413-hw\cs 2413 hw\x64\debug\cs 2413 hw.tlog\cl.write.1.tlog
c:\users\coolb\source\repos\cs-2413-hw\cs 2413 hw\x64\debug\cs 2413 hw.tlog\link.command.1.tlog
c:\users\coolb\source\repos\cs-2413-hw\cs 2413 hw\x64\debug\cs 2413 hw.tlog\link.read.1.tlog
c:\users\coolb\source\repos\cs-2413-hw\cs 2413 hw\x64\debug\cs 2413 hw.tlog\link.write.1.tlog
